<?xml version="1.0" encoding="UTF-8"?>
<testng-results skipped="0" failed="0" ignored="0" total="1" passed="1">
  <reporter-output>
  </reporter-output>
  <suite name="Default suite" duration-ms="715" started-at="2018-12-10T10:56:15Z" finished-at="2018-12-10T10:56:15Z">
    <groups>
    </groups>
    <test name="Default test" duration-ms="715" started-at="2018-12-10T10:56:15Z" finished-at="2018-12-10T10:56:15Z">
      <class name="com.mycompany.app.Calling$toGettingData">
        <test-method status="PASS" signature="toInvokeBrowser()[pri:0, instance:com.mycompany.app.Calling$toGettingData@4883b407]" name="toInvokeBrowser" is-config="true" duration-ms="10960" started-at="2018-12-10T10:56:04Z" finished-at="2018-12-10T10:56:15Z">
          <reporter-output>
          </reporter-output>
        </test-method> <!-- toInvokeBrowser -->
        <test-method status="PASS" signature="toReadDataFile()[pri:0, instance:com.mycompany.app.Calling$toGettingData@4883b407]" name="toReadDataFile" duration-ms="694" started-at="2018-12-10T10:56:15Z" finished-at="2018-12-10T10:56:15Z">
          <reporter-output>
          </reporter-output>
        </test-method> <!-- toReadDataFile -->
      </class> <!-- com.mycompany.app.Calling$toGettingData -->
    </test> <!-- Default test -->
  </suite> <!-- Default suite -->
</testng-results>
